2025-12-04 19:22:50,543 | ERROR | app | Exception on /login [GET]
Traceback (most recent call last):
  File "C:\Users\WRIGHTA\AppData\Roaming\Python\Python313\site-packages\sqlalchemy\engine\base.py", line 1967, in _exec_single_context
    self.dialect.do_execute(
    ~~~~~~~~~~~~~~~~~~~~~~~^
        cursor, str_statement, effective_parameters, context
        ^^^^^^^^^^^^^^^^^^^^^^^^^^^^^^^^^^^^^^^^^^^^^^^^^^^^
    )
    ^
  File "C:\Users\WRIGHTA\AppData\Roaming\Python\Python313\site-packages\sqlalchemy\engine\default.py", line 941, in do_execute
    cursor.execute(statement, parameters)
    ~~~~~~~~~~~~~~^^^^^^^^^^^^^^^^^^^^^^^
sqlite3.OperationalError: no such column: user.created_at

The above exception was the direct cause of the following exception:

Traceback (most recent call last):
  File "C:\Users\WRIGHTA\AppData\Roaming\Python\Python313\site-packages\flask\app.py", line 1473, in wsgi_app
    response = self.full_dispatch_request()
  File "C:\Users\WRIGHTA\AppData\Roaming\Python\Python313\site-packages\flask\app.py", line 882, in full_dispatch_request
    rv = self.handle_user_exception(e)
  File "C:\Users\WRIGHTA\AppData\Roaming\Python\Python313\site-packages\flask\app.py", line 880, in full_dispatch_request
    rv = self.dispatch_request()
  File "C:\Users\WRIGHTA\AppData\Roaming\Python\Python313\site-packages\flask\app.py", line 865, in dispatch_request
    return self.ensure_sync(self.view_functions[rule.endpoint])(**view_args)  # type: ignore[no-any-return]
           ~~~~~~~~~~~~~~~~~~~~~~~~~~~~~~~~~~~~~~~~~~~~~~~~~~~~^^^^^^^^^^^^^
  File "c:\Users\WRIGHTA\OneDrive - FUJITSU\Documents\Uni work\software dev\ASSIGNMENT YR 3\Assignment - Copy\website\auth.py", line 34, in login
    return render_template("Login.html", user=current_user)
  File "C:\Users\WRIGHTA\AppData\Roaming\Python\Python313\site-packages\flask\templating.py", line 150, in render_template
    return _render(app, template, context)
  File "C:\Users\WRIGHTA\AppData\Roaming\Python\Python313\site-packages\flask\templating.py", line 127, in _render
    app.update_template_context(context)
    ~~~~~~~~~~~~~~~~~~~~~~~~~~~^^^^^^^^^
  File "C:\Users\WRIGHTA\AppData\Roaming\Python\Python313\site-packages\flask\app.py", line 493, in update_template_context
    context.update(self.ensure_sync(func)())
                   ~~~~~~~~~~~~~~~~~~~~~~^^
  File "C:\Users\WRIGHTA\AppData\Roaming\Python\Python313\site-packages\flask_login\utils.py", line 405, in _user_context_processor
    return dict(current_user=_get_user())
                             ~~~~~~~~~^^
  File "C:\Users\WRIGHTA\AppData\Roaming\Python\Python313\site-packages\flask_login\utils.py", line 370, in _get_user
    current_app.login_manager._load_user()
    ~~~~~~~~~~~~~~~~~~~~~~~~~~~~~~~~~~~~^^
  File "C:\Users\WRIGHTA\AppData\Roaming\Python\Python313\site-packages\flask_login\login_manager.py", line 364, in _load_user
    user = self._user_callback(user_id)
  File "c:\Users\WRIGHTA\OneDrive - FUJITSU\Documents\Uni work\software dev\ASSIGNMENT YR 3\Assignment - Copy\website\__init__.py", line 93, in load_user
    return User.query.get(int(id))
           ~~~~~~~~~~~~~~^^^^^^^^^
  File "<string>", line 2, in get
  File "C:\Users\WRIGHTA\AppData\Roaming\Python\Python313\site-packages\sqlalchemy\util\deprecations.py", line 386, in warned
    return fn(*args, **kwargs)  # type: ignore[no-any-return]
  File "C:\Users\WRIGHTA\AppData\Roaming\Python\Python313\site-packages\sqlalchemy\orm\query.py", line 1127, in get
    return self._get_impl(ident, loading.load_on_pk_identity)
           ~~~~~~~~~~~~~~^^^^^^^^^^^^^^^^^^^^^^^^^^^^^^^^^^^^
  File "C:\Users\WRIGHTA\AppData\Roaming\Python\Python313\site-packages\sqlalchemy\orm\query.py", line 1136, in _get_impl
    return self.session._get_impl(
           ~~~~~~~~~~~~~~~~~~~~~~^
        mapper,
        ^^^^^^^
    ...<6 lines>...
        execution_options=self._execution_options,
        ^^^^^^^^^^^^^^^^^^^^^^^^^^^^^^^^^^^^^^^^^^
    )
    ^
  File "C:\Users\WRIGHTA\AppData\Roaming\Python\Python313\site-packages\sqlalchemy\orm\session.py", line 3873, in _get_impl
    return db_load_fn(
        self,
    ...<5 lines>...
        bind_arguments=bind_arguments,
    )
  File "C:\Users\WRIGHTA\AppData\Roaming\Python\Python313\site-packages\sqlalchemy\orm\loading.py", line 694, in load_on_pk_identity
    session.execute(
    ~~~~~~~~~~~~~~~^
        q,
        ^^
    ...<2 lines>...
        bind_arguments=bind_arguments,
        ^^^^^^^^^^^^^^^^^^^^^^^^^^^^^^
    )
    ^
  File "C:\Users\WRIGHTA\AppData\Roaming\Python\Python313\site-packages\sqlalchemy\orm\session.py", line 2362, in execute
    return self._execute_internal(
           ~~~~~~~~~~~~~~~~~~~~~~^
        statement,
        ^^^^^^^^^^
    ...<4 lines>...
        _add_event=_add_event,
        ^^^^^^^^^^^^^^^^^^^^^^
    )
    ^
  File "C:\Users\WRIGHTA\AppData\Roaming\Python\Python313\site-packages\sqlalchemy\orm\session.py", line 2247, in _execute_internal
    result: Result[Any] = compile_state_cls.orm_execute_statement(
                          ~~~~~~~~~~~~~~~~~~~~~~~~~~~~~~~~~~~~~~~^
        self,
        ^^^^^
    ...<4 lines>...
        conn,
        ^^^^^
    )
    ^
  File "C:\Users\WRIGHTA\AppData\Roaming\Python\Python313\site-packages\sqlalchemy\orm\context.py", line 305, in orm_execute_statement
    result = conn.execute(
        statement, params or {}, execution_options=execution_options
    )
  File "C:\Users\WRIGHTA\AppData\Roaming\Python\Python313\site-packages\sqlalchemy\engine\base.py", line 1418, in execute
    return meth(
        self,
        distilled_parameters,
        execution_options or NO_OPTIONS,
    )
  File "C:\Users\WRIGHTA\AppData\Roaming\Python\Python313\site-packages\sqlalchemy\sql\elements.py", line 515, in _execute_on_connection
    return connection._execute_clauseelement(
           ~~~~~~~~~~~~~~~~~~~~~~~~~~~~~~~~~^
        self, distilled_params, execution_options
        ^^^^^^^^^^^^^^^^^^^^^^^^^^^^^^^^^^^^^^^^^
    )
    ^
  File "C:\Users\WRIGHTA\AppData\Roaming\Python\Python313\site-packages\sqlalchemy\engine\base.py", line 1640, in _execute_clauseelement
    ret = self._execute_context(
        dialect,
    ...<8 lines>...
        cache_hit=cache_hit,
    )
  File "C:\Users\WRIGHTA\AppData\Roaming\Python\Python313\site-packages\sqlalchemy\engine\base.py", line 1846, in _execute_context
    return self._exec_single_context(
           ~~~~~~~~~~~~~~~~~~~~~~~~~^
        dialect, context, statement, parameters
        ^^^^^^^^^^^^^^^^^^^^^^^^^^^^^^^^^^^^^^^
    )
    ^
  File "C:\Users\WRIGHTA\AppData\Roaming\Python\Python313\site-packages\sqlalchemy\engine\base.py", line 1986, in _exec_single_context
    self._handle_dbapi_exception(
    ~~~~~~~~~~~~~~~~~~~~~~~~~~~~^
        e, str_statement, effective_parameters, cursor, context
        ^^^^^^^^^^^^^^^^^^^^^^^^^^^^^^^^^^^^^^^^^^^^^^^^^^^^^^^
    )
    ^
  File "C:\Users\WRIGHTA\AppData\Roaming\Python\Python313\site-packages\sqlalchemy\engine\base.py", line 2355, in _handle_dbapi_exception
    raise sqlalchemy_exception.with_traceback(exc_info[2]) from e
  File "C:\Users\WRIGHTA\AppData\Roaming\Python\Python313\site-packages\sqlalchemy\engine\base.py", line 1967, in _exec_single_context
    self.dialect.do_execute(
    ~~~~~~~~~~~~~~~~~~~~~~~^
        cursor, str_statement, effective_parameters, context
        ^^^^^^^^^^^^^^^^^^^^^^^^^^^^^^^^^^^^^^^^^^^^^^^^^^^^
    )
    ^
  File "C:\Users\WRIGHTA\AppData\Roaming\Python\Python313\site-packages\sqlalchemy\engine\default.py", line 941, in do_execute
    cursor.execute(statement, parameters)
    ~~~~~~~~~~~~~~^^^^^^^^^^^^^^^^^^^^^^^
sqlalchemy.exc.OperationalError: (sqlite3.OperationalError) no such column: user.created_at
[SQL: SELECT user.id AS user_id, user.email AS user_email, user.password AS user_password, user.first_name AS user_first_name, user.last_name AS user_last_name, user.role AS user_role, user.created_at AS user_created_at, user.updated_at AS user_updated_at 
FROM user 
WHERE user.id = ?]
[parameters: (5,)]
(Background on this error at: https://sqlalche.me/e/20/e3q8)
2025-12-04 19:23:29,445 | INFO | __init__ | Application startup
2025-12-04 19:26:16,680 | INFO | __init__ | Application startup
